<?xml version="1.0" encoding="UTF-8"?>
<!-- Generated by org.testng.reporters.JUnitXMLReporter -->
<testsuite ignored="0" hostname="DESKTOP-N61KFQL" failures="1" tests="1" name="Test" time="28.473" errors="0" timestamp="2025-07-23T18:55:40 IST">
  <testcase classname="testCases.TC_002_LoginTest" name="verify_loginDDT" time="0.0">
    <failure type="org.testng.TestNGException" message="
Method public void testCases.TC_002_LoginTest.verify_loginDDT(java.lang.String,java.lang.String) requires a @DataProvider named : LoginData in class utilities.DataProviders">
      <![CDATA[org.testng.TestNGException: 
Method public void testCases.TC_002_LoginTest.verify_loginDDT(java.lang.String,java.lang.String) requires a @DataProvider named : LoginData in class utilities.DataProviders
at java.base/java.util.ArrayList.forEach(ArrayList.java:1596)
... Removed 24 stack frames]]>
    </failure>
  </testcase> <!-- verify_loginDDT -->
</testsuite> <!-- Test -->
