<?xml version="1.0" encoding="UTF-8"?>
<testng-results ignored="0" total="1" passed="1" failed="0" skipped="0">
  <reporter-output>
  </reporter-output>
  <suite started-at="2025-07-03T13:41:29 IST" name="Default suite" finished-at="2025-07-03T13:41:44 IST" duration-ms="15631">
    <groups>
    </groups>
    <test started-at="2025-07-03T13:41:29 IST" name="Default test" finished-at="2025-07-03T13:41:44 IST" duration-ms="15631">
      <class name="testCases.TC003_NewAccount">
        <test-method is-config="true" signature="setup()[pri:0, instance:testCases.TC003_NewAccount@5bda8e08]" started-at="2025-07-03T13:41:29 IST" name="setup" finished-at="2025-07-03T13:41:35 IST" duration-ms="6280" status="PASS">
          <reporter-output>
          </reporter-output>
        </test-method> <!-- setup -->
        <test-method signature="verify_account_registration()[pri:0, instance:testCases.TC003_NewAccount@5bda8e08]" started-at="2025-07-03T13:41:35 IST" name="verify_account_registration" finished-at="2025-07-03T13:41:44 IST" duration-ms="9010" status="PASS">
          <reporter-output>
          </reporter-output>
        </test-method> <!-- verify_account_registration -->
        <test-method is-config="true" signature="tearDown()[pri:0, instance:testCases.TC003_NewAccount@5bda8e08]" started-at="2025-07-03T13:41:44 IST" name="tearDown" finished-at="2025-07-03T13:41:44 IST" duration-ms="269" status="PASS">
          <reporter-output>
          </reporter-output>
        </test-method> <!-- tearDown -->
      </class> <!-- testCases.TC003_NewAccount -->
    </test> <!-- Default test -->
  </suite> <!-- Default suite -->
</testng-results>
