<?xml version="1.0" encoding="UTF-8"?>
<testng-results ignored="0" total="1" passed="1" failed="0" skipped="0">
  <reporter-output>
  </reporter-output>
  <suite started-at="2025-06-26T13:31:04 IST" name="Default suite" finished-at="2025-06-26T13:31:19 IST" duration-ms="15289">
    <groups>
    </groups>
    <test started-at="2025-06-26T13:31:04 IST" name="Default test" finished-at="2025-06-26T13:31:19 IST" duration-ms="15289">
      <class name="testCases.TC_001_AccountRegistrationTest">
        <test-method is-config="true" signature="setup()[pri:0, instance:testCases.TC_001_AccountRegistrationTest@6f03482]" started-at="2025-06-26T13:31:04 IST" name="setup" finished-at="2025-06-26T13:31:13 IST" duration-ms="8516" status="PASS">
          <reporter-output>
          </reporter-output>
        </test-method> <!-- setup -->
        <test-method signature="verify_account_registration()[pri:0, instance:testCases.TC_001_AccountRegistrationTest@6f03482]" started-at="2025-06-26T13:31:13 IST" name="verify_account_registration" finished-at="2025-06-26T13:31:19 IST" duration-ms="6382" status="PASS">
          <reporter-output>
          </reporter-output>
        </test-method> <!-- verify_account_registration -->
        <test-method is-config="true" signature="tearDown()[pri:0, instance:testCases.TC_001_AccountRegistrationTest@6f03482]" started-at="2025-06-26T13:31:19 IST" name="tearDown" finished-at="2025-06-26T13:31:19 IST" duration-ms="294" status="PASS">
          <reporter-output>
          </reporter-output>
        </test-method> <!-- tearDown -->
      </class> <!-- testCases.TC_001_AccountRegistrationTest -->
    </test> <!-- Default test -->
  </suite> <!-- Default suite -->
</testng-results>
