<?xml version="1.0" encoding="UTF-8"?>
<testng-results ignored="0" total="2" passed="2" failed="0" skipped="0">
  <reporter-output>
  </reporter-output>
  <suite started-at="2025-07-24T15:17:44 IST" name="Suite" finished-at="2025-07-24T15:18:25 IST" duration-ms="40249">
    <groups>
    </groups>
    <test started-at="2025-07-24T15:17:44 IST" name="Test" finished-at="2025-07-24T15:18:25 IST" duration-ms="40249">
      <class name="testCases.TC_001_AccountRegistrationTest">
        <test-method is-config="true" signature="setup(java.lang.String,java.lang.String)[pri:0, instance:testCases.TC_001_AccountRegistrationTest@fbd1f6]" started-at="2025-07-24T15:17:44 IST" name="setup" finished-at="2025-07-24T15:17:57 IST" duration-ms="12559" status="PASS">
          <params>
            <param index="0">
              <value>
                <![CDATA[Windows]]>
              </value>
            </param>
            <param index="1">
              <value>
                <![CDATA[chrome]]>
              </value>
            </param>
          </params>
          <reporter-output>
          </reporter-output>
        </test-method> <!-- setup -->
        <test-method signature="verify_account_registration()[pri:0, instance:testCases.TC_001_AccountRegistrationTest@fbd1f6]" started-at="2025-07-24T15:17:57 IST" name="verify_account_registration" finished-at="2025-07-24T15:18:09 IST" duration-ms="12148" status="PASS">
          <reporter-output>
          </reporter-output>
        </test-method> <!-- verify_account_registration -->
        <test-method is-config="true" signature="tearDown()[pri:0, instance:testCases.TC_001_AccountRegistrationTest@fbd1f6]" started-at="2025-07-24T15:18:09 IST" name="tearDown" finished-at="2025-07-24T15:18:10 IST" duration-ms="430" status="PASS">
          <reporter-output>
          </reporter-output>
        </test-method> <!-- tearDown -->
      </class> <!-- testCases.TC_001_AccountRegistrationTest -->
      <class name="testCases.TC_002_LoginTest">
        <test-method is-config="true" signature="setup(java.lang.String,java.lang.String)[pri:0, instance:testCases.TC_002_LoginTest@24aed80c]" started-at="2025-07-24T15:18:10 IST" name="setup" finished-at="2025-07-24T15:18:16 IST" duration-ms="6643" status="PASS">
          <params>
            <param index="0">
              <value>
                <![CDATA[Windows]]>
              </value>
            </param>
            <param index="1">
              <value>
                <![CDATA[chrome]]>
              </value>
            </param>
          </params>
          <reporter-output>
          </reporter-output>
        </test-method> <!-- setup -->
        <test-method signature="verify_loginDDT(java.lang.String,java.lang.String)[pri:0, instance:testCases.TC_002_LoginTest@24aed80c]" started-at="2025-07-24T15:18:17 IST" name="verify_loginDDT" data-provider="LoginData" finished-at="2025-07-24T15:18:24 IST" duration-ms="7789" status="PASS">
          <params>
            <param index="0">
              <value>
                <![CDATA[DIDbt]]>
              </value>
            </param>
            <param index="1">
              <value>
                <![CDATA[CSP@485]]>
              </value>
            </param>
          </params>
          <reporter-output>
          </reporter-output>
        </test-method> <!-- verify_loginDDT -->
        <test-method is-config="true" signature="tearDown()[pri:0, instance:testCases.TC_002_LoginTest@24aed80c]" started-at="2025-07-24T15:18:24 IST" name="tearDown" finished-at="2025-07-24T15:18:25 IST" duration-ms="288" status="PASS">
          <reporter-output>
          </reporter-output>
        </test-method> <!-- tearDown -->
      </class> <!-- testCases.TC_002_LoginTest -->
    </test> <!-- Test -->
  </suite> <!-- Suite -->
</testng-results>
