<?xml version="1.0" encoding="UTF-8"?>
<testng-results ignored="0" total="2" passed="2" failed="0" skipped="0">
  <reporter-output>
  </reporter-output>
  <suite started-at="2025-09-27T22:46:42 IST" name="Suite" finished-at="2025-09-27T22:47:13 IST" duration-ms="30723">
    <groups>
    </groups>
    <test started-at="2025-09-27T22:46:42 IST" name="Test" finished-at="2025-09-27T22:47:13 IST" duration-ms="30723">
      <class name="testCases.TC_001_AccountRegistrationTest">
        <test-method is-config="true" signature="setup(java.lang.String,java.lang.String)[pri:0, instance:testCases.TC_001_AccountRegistrationTest@3bf7ca37]" started-at="2025-09-27T22:46:43 IST" name="setup" finished-at="2025-09-27T22:46:50 IST" duration-ms="7549" status="PASS">
          <params>
            <param index="0">
              <value>
                <![CDATA[Windows]]>
              </value>
            </param>
            <param index="1">
              <value>
                <![CDATA[chrome]]>
              </value>
            </param>
          </params>
          <reporter-output>
          </reporter-output>
        </test-method> <!-- setup -->
        <test-method signature="verify_account_registration()[pri:0, instance:testCases.TC_001_AccountRegistrationTest@3bf7ca37]" started-at="2025-09-27T22:46:50 IST" name="verify_account_registration" finished-at="2025-09-27T22:47:01 IST" duration-ms="10641" status="PASS">
          <reporter-output>
          </reporter-output>
        </test-method> <!-- verify_account_registration -->
        <test-method is-config="true" signature="tearDown()[pri:0, instance:testCases.TC_001_AccountRegistrationTest@3bf7ca37]" started-at="2025-09-27T22:47:01 IST" name="tearDown" finished-at="2025-09-27T22:47:01 IST" duration-ms="236" status="PASS">
          <reporter-output>
          </reporter-output>
        </test-method> <!-- tearDown -->
      </class> <!-- testCases.TC_001_AccountRegistrationTest -->
      <class name="testCases.TC_002_LoginTest">
        <test-method is-config="true" signature="setup(java.lang.String,java.lang.String)[pri:0, instance:testCases.TC_002_LoginTest@26794848]" started-at="2025-09-27T22:47:01 IST" name="setup" finished-at="2025-09-27T22:47:05 IST" duration-ms="3648" status="PASS">
          <params>
            <param index="0">
              <value>
                <![CDATA[Windows]]>
              </value>
            </param>
            <param index="1">
              <value>
                <![CDATA[chrome]]>
              </value>
            </param>
          </params>
          <reporter-output>
          </reporter-output>
        </test-method> <!-- setup -->
        <test-method signature="verify_loginDDT(java.lang.String,java.lang.String)[pri:0, instance:testCases.TC_002_LoginTest@26794848]" started-at="2025-09-27T22:47:05 IST" name="verify_loginDDT" data-provider="LoginData" finished-at="2025-09-27T22:47:12 IST" duration-ms="7091" status="PASS">
          <params>
            <param index="0">
              <value>
                <![CDATA[lxvtA]]>
              </value>
            </param>
            <param index="1">
              <value>
                <![CDATA[qAv@844]]>
              </value>
            </param>
          </params>
          <reporter-output>
          </reporter-output>
        </test-method> <!-- verify_loginDDT -->
        <test-method is-config="true" signature="tearDown()[pri:0, instance:testCases.TC_002_LoginTest@26794848]" started-at="2025-09-27T22:47:12 IST" name="tearDown" finished-at="2025-09-27T22:47:13 IST" duration-ms="334" status="PASS">
          <reporter-output>
          </reporter-output>
        </test-method> <!-- tearDown -->
      </class> <!-- testCases.TC_002_LoginTest -->
    </test> <!-- Test -->
  </suite> <!-- Suite -->
</testng-results>
