<?xml version="1.0" encoding="UTF-8"?>
<testng-results ignored="0" total="1" passed="1" failed="0" skipped="0">
  <reporter-output>
  </reporter-output>
  <suite started-at="2025-07-07T23:05:37 IST" name="Default suite" finished-at="2025-07-07T23:05:59 IST" duration-ms="21244">
    <groups>
    </groups>
    <test started-at="2025-07-07T23:05:37 IST" name="Default test" finished-at="2025-07-07T23:05:59 IST" duration-ms="21244">
      <class name="testCases.TC_001_AccountRegistrationTest">
        <test-method is-config="true" signature="setup(java.lang.String,java.lang.String)[pri:0, instance:testCases.TC_001_AccountRegistrationTest@9d5509a]" started-at="2025-07-07T23:05:37 IST" name="setup" finished-at="2025-07-07T23:05:48 IST" duration-ms="10603" status="PASS">
          <params>
            <param index="0">
              <value>
                <![CDATA[Windows]]>
              </value>
            </param>
            <param index="1">
              <value>
                <![CDATA[chrome]]>
              </value>
            </param>
          </params>
          <reporter-output>
          </reporter-output>
        </test-method> <!-- setup -->
        <test-method signature="verify_account_registration()[pri:0, instance:testCases.TC_001_AccountRegistrationTest@9d5509a]" started-at="2025-07-07T23:05:48 IST" name="verify_account_registration" finished-at="2025-07-07T23:05:58 IST" duration-ms="10222" status="PASS">
          <reporter-output>
          </reporter-output>
        </test-method> <!-- verify_account_registration -->
        <test-method is-config="true" signature="tearDown()[pri:0, instance:testCases.TC_001_AccountRegistrationTest@9d5509a]" started-at="2025-07-07T23:05:58 IST" name="tearDown" finished-at="2025-07-07T23:05:59 IST" duration-ms="268" status="PASS">
          <reporter-output>
          </reporter-output>
        </test-method> <!-- tearDown -->
      </class> <!-- testCases.TC_001_AccountRegistrationTest -->
    </test> <!-- Default test -->
  </suite> <!-- Default suite -->
</testng-results>
