<?xml version="1.0" encoding="UTF-8"?>
<testng-results ignored="0" total="2" passed="2" failed="0" skipped="0">
  <reporter-output>
  </reporter-output>
  <suite started-at="2025-08-09T15:02:24 IST" name="Suite" finished-at="2025-08-09T15:03:03 IST" duration-ms="39278">
    <groups>
    </groups>
    <test started-at="2025-08-09T15:02:24 IST" name="Test" finished-at="2025-08-09T15:03:03 IST" duration-ms="39278">
      <class name="testCases.TC_001_AccountRegistrationTest">
        <test-method is-config="true" signature="setup(java.lang.String,java.lang.String)[pri:0, instance:testCases.TC_001_AccountRegistrationTest@24269709]" started-at="2025-08-09T15:02:24 IST" name="setup" finished-at="2025-08-09T15:02:45 IST" duration-ms="21246" status="PASS">
          <params>
            <param index="0">
              <value>
                <![CDATA[Windows]]>
              </value>
            </param>
            <param index="1">
              <value>
                <![CDATA[chrome]]>
              </value>
            </param>
          </params>
          <reporter-output>
          </reporter-output>
        </test-method> <!-- setup -->
        <test-method signature="verify_account_registration()[pri:0, instance:testCases.TC_001_AccountRegistrationTest@24269709]" started-at="2025-08-09T15:02:45 IST" name="verify_account_registration" finished-at="2025-08-09T15:02:52 IST" duration-ms="6794" status="PASS">
          <reporter-output>
          </reporter-output>
        </test-method> <!-- verify_account_registration -->
        <test-method is-config="true" signature="tearDown()[pri:0, instance:testCases.TC_001_AccountRegistrationTest@24269709]" started-at="2025-08-09T15:02:52 IST" name="tearDown" finished-at="2025-08-09T15:02:52 IST" duration-ms="387" status="PASS">
          <reporter-output>
          </reporter-output>
        </test-method> <!-- tearDown -->
      </class> <!-- testCases.TC_001_AccountRegistrationTest -->
      <class name="testCases.TC_002_LoginTest">
        <test-method is-config="true" signature="setup(java.lang.String,java.lang.String)[pri:0, instance:testCases.TC_002_LoginTest@279fedbd]" started-at="2025-08-09T15:02:52 IST" name="setup" finished-at="2025-08-09T15:02:57 IST" duration-ms="4887" status="PASS">
          <params>
            <param index="0">
              <value>
                <![CDATA[Windows]]>
              </value>
            </param>
            <param index="1">
              <value>
                <![CDATA[chrome]]>
              </value>
            </param>
          </params>
          <reporter-output>
          </reporter-output>
        </test-method> <!-- setup -->
        <test-method signature="verify_loginDDT(java.lang.String,java.lang.String)[pri:0, instance:testCases.TC_002_LoginTest@279fedbd]" started-at="2025-08-09T15:02:57 IST" name="verify_loginDDT" data-provider="LoginData" finished-at="2025-08-09T15:03:03 IST" duration-ms="5607" status="PASS">
          <params>
            <param index="0">
              <value>
                <![CDATA[GBDoh]]>
              </value>
            </param>
            <param index="1">
              <value>
                <![CDATA[UcM@007]]>
              </value>
            </param>
          </params>
          <reporter-output>
          </reporter-output>
        </test-method> <!-- verify_loginDDT -->
        <test-method is-config="true" signature="tearDown()[pri:0, instance:testCases.TC_002_LoginTest@279fedbd]" started-at="2025-08-09T15:03:03 IST" name="tearDown" finished-at="2025-08-09T15:03:03 IST" duration-ms="175" status="PASS">
          <reporter-output>
          </reporter-output>
        </test-method> <!-- tearDown -->
      </class> <!-- testCases.TC_002_LoginTest -->
    </test> <!-- Test -->
  </suite> <!-- Suite -->
</testng-results>
